<?xml version="1.0" encoding="UTF-8"?>
<testng-results ignored="0" total="6" passed="6" failed="0" skipped="0">
  <reporter-output>
  </reporter-output>
  <suite started-at="2021-06-14T16:00:42Z" name="Suite" finished-at="2021-06-14T16:00:42Z" duration-ms="19">
    <groups>
    </groups>
    <test started-at="2021-06-14T16:00:42Z" name="Test" finished-at="2021-06-14T16:00:42Z" duration-ms="19">
      <class name="com.qa.test.calTest">
        <test-method signature="add()[pri:0, instance:com.qa.test.calTest@36804139]" started-at="2021-06-14T21:30:42Z" name="add" finished-at="2021-06-14T21:30:42Z" duration-ms="6" status="PASS">
          <reporter-output>
          </reporter-output>
        </test-method> <!-- add -->
        <test-method signature="sub()[pri:0, instance:com.qa.test.calTest@36804139]" started-at="2021-06-14T21:30:42Z" name="sub" finished-at="2021-06-14T21:30:42Z" duration-ms="0" status="PASS">
          <reporter-output>
          </reporter-output>
        </test-method> <!-- sub -->
      </class> <!-- com.qa.test.calTest -->
      <class name="com.qa.test.calTest3">
        <test-method signature="add()[pri:0, instance:com.qa.test.calTest3@5c86dbc5]" started-at="2021-06-14T21:30:42Z" name="add" finished-at="2021-06-14T21:30:42Z" duration-ms="0" status="PASS">
          <reporter-output>
          </reporter-output>
        </test-method> <!-- add -->
        <test-method signature="sub()[pri:0, instance:com.qa.test.calTest3@5c86dbc5]" started-at="2021-06-14T21:30:42Z" name="sub" finished-at="2021-06-14T21:30:42Z" duration-ms="0" status="PASS">
          <reporter-output>
          </reporter-output>
        </test-method> <!-- sub -->
      </class> <!-- com.qa.test.calTest3 -->
      <class name="com.qa.test.calTest2">
        <test-method signature="add()[pri:0, instance:com.qa.test.calTest2@10289886]" started-at="2021-06-14T21:30:42Z" name="add" finished-at="2021-06-14T21:30:42Z" duration-ms="0" status="PASS">
          <reporter-output>
          </reporter-output>
        </test-method> <!-- add -->
        <test-method signature="sub()[pri:0, instance:com.qa.test.calTest2@10289886]" started-at="2021-06-14T21:30:42Z" name="sub" finished-at="2021-06-14T21:30:42Z" duration-ms="0" status="PASS">
          <reporter-output>
          </reporter-output>
        </test-method> <!-- sub -->
      </class> <!-- com.qa.test.calTest2 -->
    </test> <!-- Test -->
  </suite> <!-- Suite -->
</testng-results>
