<?xml version="1.0" encoding="UTF-8"?>
<!-- Generated by org.testng.reporters.JUnitXMLReporter -->
<testsuite ignored="0" hostname="LIN20001380" failures="0" tests="6" name="Test" time="0.019" errors="0" timestamp="14 Jun 2021 16:00:42 GMT">
  <testcase classname="com.qa.test.calTest" name="add" time="0.006"/>
  <testcase classname="com.qa.test.calTest" name="sub" time="0.0"/>
  <testcase classname="com.qa.test.calTest2" name="add" time="0.0"/>
  <testcase classname="com.qa.test.calTest2" name="sub" time="0.0"/>
  <testcase classname="com.qa.test.calTest3" name="add" time="0.0"/>
  <testcase classname="com.qa.test.calTest3" name="sub" time="0.0"/>
</testsuite> <!-- Test -->
