<?xml version="1.0" encoding="UTF-8"?>
<!-- Generated by org.testng.reporters.JUnitXMLReporter -->
<testsuite ignored="0" hostname="LIN20001380" failures="1" tests="1" name="Test" time="8.418" errors="0" timestamp="2021-04-07T00:23:13 IST">
  <testcase classname="com.guru99.test.LoginTests" name="verifyLoginWithCorrectCredentials" time="1.879">
    <failure type="java.lang.AssertionError" message="expected [Guru99 Bank Manager 1 HomePage] but found [Guru99 Bank Manager HomePage]">
      <![CDATA[java.lang.AssertionError: expected [Guru99 Bank Manager 1 HomePage] but found [Guru99 Bank Manager HomePage]
at com.guru99.test.LoginTests.verifyLoginWithCorrectCredentials(LoginTests.java:23)
at java.base/java.util.ArrayList.forEach(ArrayList.java:1511)
... Removed 32 stack frames]]>
    </failure>
  </testcase> <!-- verifyLoginWithCorrectCredentials -->
</testsuite> <!-- Test -->
