<?xml version="1.0" encoding="UTF-8"?>
<testsuite xmlns:xsi="http://www.w3.org/2001/XMLSchema-instance" xsi:noNamespaceSchemaLocation="https://maven.apache.org/surefire/maven-surefire-plugin/xsd/surefire-test-report.xsd" name="testRunners.AmazonOrderTest" time="0.582" tests="2" errors="0" skipped="0" failures="0">
  <properties>
[...]
</properties>
  <testcase name="Search Previous Orders" classname="Amazon Order Search" time="0.112"/>
  <testcase name="Search Cancelled Orders" classname="Amazon Order Search" time="0.003"/>
</testsuite>