<?xml version="1.0" encoding="UTF-8"?>
<testng-results total="2" passed="2" failed="0" skipped="0">
  <reporter-output>
  </reporter-output>
  <suite started-at="2021-05-30T17:45:24Z" name="Default suite" finished-at="2021-05-30T17:45:24Z" duration-ms="26">
    <groups>
    </groups>
    <test started-at="2021-05-30T17:45:24Z" name="Default test" finished-at="2021-05-30T17:45:24Z" duration-ms="26">
      <class name="Calc">
        <test-method signature="add()[pri:0, instance:Calc@5d43661b]" started-at="2021-05-30T23:15:24Z" name="add" finished-at="2021-05-30T23:15:24Z" duration-ms="10" status="PASS">
          <reporter-output>
          </reporter-output>
        </test-method> <!-- add -->
        <test-method signature="sub()[pri:0, instance:Calc@5d43661b]" started-at="2021-05-30T23:15:24Z" name="sub" finished-at="2021-05-30T23:15:24Z" duration-ms="1" status="PASS">
          <reporter-output>
          </reporter-output>
        </test-method> <!-- sub -->
      </class> <!-- Calc -->
    </test> <!-- Default test -->
  </suite> <!-- Default suite -->
</testng-results>
